<?xml version="1.0" encoding="UTF-8"?>
<!-- Generated by org.testng.reporters.JUnitXMLReporter -->
<testsuite ignored="0" hostname="DESKTOP-MG7K6R3" failures="0" tests="6" name="Flight Booking Test" time="39.547" errors="0" timestamp="2026-03-12T17:04:02 IST">
  <testcase classname="com.arun.tests.FlightBookingTest" name="bookFlightTest" time="10.49"/>
  <testcase classname="com.arun.tests.FlightBookingTest" name="verifyFlightsDisplayedTest" time="1.688"/>
  <testcase classname="com.arun.tests.FlightBookingTest" name="chooseFlightTest" time="2.225"/>
  <testcase classname="com.arun.tests.FlightBookingTest" name="purchaseFlightTest" time="3.988"/>
  <testcase classname="com.arun.tests.FlightBookingTest" name="verifyBookingIdGeneratedTest" time="9.43"/>
  <testcase classname="com.arun.tests.FlightBookingTest" name="verifyConfirmationMessageTest" time="3.721"/>
</testsuite> <!-- Flight Booking Test -->
