<?xml version="1.0" encoding="UTF-8"?>
<testng-results ignored="0" total="6" passed="6" failed="0" skipped="0">
  <reporter-output>
  </reporter-output>
  <suite started-at="2026-03-12T17:03:22 IST" name="BlazeDemo Suite" finished-at="2026-03-12T17:04:02 IST" duration-ms="39547">
    <groups>
    </groups>
    <test started-at="2026-03-12T17:03:22 IST" name="Flight Booking Test" finished-at="2026-03-12T17:04:02 IST" duration-ms="39547">
      <class name="com.arun.tests.FlightBookingTest">
        <test-method is-config="true" signature="setup()[pri:0, instance:com.arun.tests.FlightBookingTest@5ddeb7cb]" started-at="2026-03-12T17:03:23 IST" name="setup" finished-at="2026-03-12T17:03:26 IST" duration-ms="3308" status="PASS">
          <reporter-output>
          </reporter-output>
        </test-method> <!-- setup -->
        <test-method is-config="true" signature="loadHomePage()[pri:0, instance:com.arun.tests.FlightBookingTest@5ddeb7cb]" started-at="2026-03-12T17:03:26 IST" name="loadHomePage" finished-at="2026-03-12T17:03:28 IST" duration-ms="1768" status="PASS">
          <reporter-output>
          </reporter-output>
        </test-method> <!-- loadHomePage -->
        <test-method signature="bookFlightTest()[pri:1, instance:com.arun.tests.FlightBookingTest@5ddeb7cb]" started-at="2026-03-12T17:03:28 IST" name="bookFlightTest" finished-at="2026-03-12T17:03:38 IST" duration-ms="10490" status="PASS">
          <reporter-output>
          </reporter-output>
        </test-method> <!-- bookFlightTest -->
        <test-method is-config="true" signature="captureFailure(org.testng.ITestResult)[pri:0, instance:com.arun.tests.FlightBookingTest@5ddeb7cb]" started-at="2026-03-12T17:03:38 IST" name="captureFailure" finished-at="2026-03-12T17:03:38 IST" duration-ms="3" status="PASS">
          <params>
            <param index="0">
              <value>
                <![CDATA[[TestResult name=bookFlightTest status=SUCCESS method=FlightBookingTest.bookFlightTest()[pri:1, instance:com.arun.tests.FlightBookingTest@5ddeb7cb] output={null}]]]>
              </value>
            </param>
          </params>
          <reporter-output>
          </reporter-output>
        </test-method> <!-- captureFailure -->
        <test-method is-config="true" signature="loadHomePage()[pri:0, instance:com.arun.tests.FlightBookingTest@5ddeb7cb]" started-at="2026-03-12T17:03:38 IST" name="loadHomePage" finished-at="2026-03-12T17:03:39 IST" duration-ms="472" status="PASS">
          <reporter-output>
          </reporter-output>
        </test-method> <!-- loadHomePage -->
        <test-method signature="verifyFlightsDisplayedTest()[pri:2, instance:com.arun.tests.FlightBookingTest@5ddeb7cb]" started-at="2026-03-12T17:03:39 IST" name="verifyFlightsDisplayedTest" finished-at="2026-03-12T17:03:40 IST" duration-ms="1688" status="PASS">
          <reporter-output>
          </reporter-output>
        </test-method> <!-- verifyFlightsDisplayedTest -->
        <test-method is-config="true" signature="captureFailure(org.testng.ITestResult)[pri:0, instance:com.arun.tests.FlightBookingTest@5ddeb7cb]" started-at="2026-03-12T17:03:40 IST" name="captureFailure" finished-at="2026-03-12T17:03:40 IST" duration-ms="0" status="PASS">
          <params>
            <param index="0">
              <value>
                <![CDATA[[TestResult name=verifyFlightsDisplayedTest status=SUCCESS method=FlightBookingTest.verifyFlightsDisplayedTest()[pri:2, instance:com.arun.tests.FlightBookingTest@5ddeb7cb] output={null}]]]>
              </value>
            </param>
          </params>
          <reporter-output>
          </reporter-output>
        </test-method> <!-- captureFailure -->
        <test-method is-config="true" signature="loadHomePage()[pri:0, instance:com.arun.tests.FlightBookingTest@5ddeb7cb]" started-at="2026-03-12T17:03:40 IST" name="loadHomePage" finished-at="2026-03-12T17:03:41 IST" duration-ms="480" status="PASS">
          <reporter-output>
          </reporter-output>
        </test-method> <!-- loadHomePage -->
        <test-method signature="chooseFlightTest()[pri:3, instance:com.arun.tests.FlightBookingTest@5ddeb7cb]" started-at="2026-03-12T17:03:41 IST" name="chooseFlightTest" finished-at="2026-03-12T17:03:43 IST" duration-ms="2225" status="PASS">
          <reporter-output>
          </reporter-output>
        </test-method> <!-- chooseFlightTest -->
        <test-method is-config="true" signature="captureFailure(org.testng.ITestResult)[pri:0, instance:com.arun.tests.FlightBookingTest@5ddeb7cb]" started-at="2026-03-12T17:03:43 IST" name="captureFailure" finished-at="2026-03-12T17:03:43 IST" duration-ms="1" status="PASS">
          <params>
            <param index="0">
              <value>
                <![CDATA[[TestResult name=chooseFlightTest status=SUCCESS method=FlightBookingTest.chooseFlightTest()[pri:3, instance:com.arun.tests.FlightBookingTest@5ddeb7cb] output={null}]]]>
              </value>
            </param>
          </params>
          <reporter-output>
          </reporter-output>
        </test-method> <!-- captureFailure -->
        <test-method is-config="true" signature="loadHomePage()[pri:0, instance:com.arun.tests.FlightBookingTest@5ddeb7cb]" started-at="2026-03-12T17:03:43 IST" name="loadHomePage" finished-at="2026-03-12T17:03:43 IST" duration-ms="468" status="PASS">
          <reporter-output>
          </reporter-output>
        </test-method> <!-- loadHomePage -->
        <test-method signature="purchaseFlightTest()[pri:4, instance:com.arun.tests.FlightBookingTest@5ddeb7cb]" started-at="2026-03-12T17:03:43 IST" name="purchaseFlightTest" finished-at="2026-03-12T17:03:47 IST" duration-ms="3988" status="PASS">
          <reporter-output>
          </reporter-output>
        </test-method> <!-- purchaseFlightTest -->
        <test-method is-config="true" signature="captureFailure(org.testng.ITestResult)[pri:0, instance:com.arun.tests.FlightBookingTest@5ddeb7cb]" started-at="2026-03-12T17:03:47 IST" name="captureFailure" finished-at="2026-03-12T17:03:47 IST" duration-ms="1" status="PASS">
          <params>
            <param index="0">
              <value>
                <![CDATA[[TestResult name=purchaseFlightTest status=SUCCESS method=FlightBookingTest.purchaseFlightTest()[pri:4, instance:com.arun.tests.FlightBookingTest@5ddeb7cb] output={null}]]]>
              </value>
            </param>
          </params>
          <reporter-output>
          </reporter-output>
        </test-method> <!-- captureFailure -->
        <test-method is-config="true" signature="loadHomePage()[pri:0, instance:com.arun.tests.FlightBookingTest@5ddeb7cb]" started-at="2026-03-12T17:03:47 IST" name="loadHomePage" finished-at="2026-03-12T17:03:48 IST" duration-ms="560" status="PASS">
          <reporter-output>
          </reporter-output>
        </test-method> <!-- loadHomePage -->
        <test-method signature="verifyBookingIdGeneratedTest()[pri:5, instance:com.arun.tests.FlightBookingTest@5ddeb7cb]" started-at="2026-03-12T17:03:48 IST" name="verifyBookingIdGeneratedTest" finished-at="2026-03-12T17:03:57 IST" duration-ms="9430" status="PASS">
          <reporter-output>
          </reporter-output>
        </test-method> <!-- verifyBookingIdGeneratedTest -->
        <test-method is-config="true" signature="captureFailure(org.testng.ITestResult)[pri:0, instance:com.arun.tests.FlightBookingTest@5ddeb7cb]" started-at="2026-03-12T17:03:57 IST" name="captureFailure" finished-at="2026-03-12T17:03:57 IST" duration-ms="0" status="PASS">
          <params>
            <param index="0">
              <value>
                <![CDATA[[TestResult name=verifyBookingIdGeneratedTest status=SUCCESS method=FlightBookingTest.verifyBookingIdGeneratedTest()[pri:5, instance:com.arun.tests.FlightBookingTest@5ddeb7cb] output={null}]]]>
              </value>
            </param>
          </params>
          <reporter-output>
          </reporter-output>
        </test-method> <!-- captureFailure -->
        <test-method is-config="true" signature="loadHomePage()[pri:0, instance:com.arun.tests.FlightBookingTest@5ddeb7cb]" started-at="2026-03-12T17:03:57 IST" name="loadHomePage" finished-at="2026-03-12T17:03:58 IST" duration-ms="594" status="PASS">
          <reporter-output>
          </reporter-output>
        </test-method> <!-- loadHomePage -->
        <test-method signature="verifyConfirmationMessageTest()[pri:6, instance:com.arun.tests.FlightBookingTest@5ddeb7cb]" started-at="2026-03-12T17:03:58 IST" name="verifyConfirmationMessageTest" finished-at="2026-03-12T17:04:02 IST" duration-ms="3721" status="PASS">
          <reporter-output>
          </reporter-output>
        </test-method> <!-- verifyConfirmationMessageTest -->
        <test-method is-config="true" signature="captureFailure(org.testng.ITestResult)[pri:0, instance:com.arun.tests.FlightBookingTest@5ddeb7cb]" started-at="2026-03-12T17:04:02 IST" name="captureFailure" finished-at="2026-03-12T17:04:02 IST" duration-ms="0" status="PASS">
          <params>
            <param index="0">
              <value>
                <![CDATA[[TestResult name=verifyConfirmationMessageTest status=SUCCESS method=FlightBookingTest.verifyConfirmationMessageTest()[pri:6, instance:com.arun.tests.FlightBookingTest@5ddeb7cb] output={null}]]]>
              </value>
            </param>
          </params>
          <reporter-output>
          </reporter-output>
        </test-method> <!-- captureFailure -->
        <test-method is-config="true" signature="tearDown()[pri:0, instance:com.arun.tests.FlightBookingTest@5ddeb7cb]" started-at="2026-03-12T17:04:02 IST" name="tearDown" finished-at="2026-03-12T17:04:02 IST" duration-ms="237" status="PASS">
          <reporter-output>
          </reporter-output>
        </test-method> <!-- tearDown -->
      </class> <!-- com.arun.tests.FlightBookingTest -->
    </test> <!-- Flight Booking Test -->
  </suite> <!-- BlazeDemo Suite -->
</testng-results>
