<?xml version="1.0" encoding="UTF-8"?>
<testng-results ignored="0" total="1" passed="1" failed="0" skipped="0">
  <reporter-output>
  </reporter-output>
  <suite started-at="2026-03-12T12:09:55 IST" name="BlazeDemo Suite" finished-at="2026-03-12T12:10:08 IST" duration-ms="12374">
    <groups>
    </groups>
    <test started-at="2026-03-12T12:09:55 IST" name="Flight Booking Test" finished-at="2026-03-12T12:10:08 IST" duration-ms="12374">
      <class name="com.arun.tests.FlightBookingTest">
        <test-method is-config="true" signature="setup()[pri:0, instance:com.arun.tests.FlightBookingTest@2cb4893b]" started-at="2026-03-12T12:09:55 IST" name="setup" finished-at="2026-03-12T12:10:03 IST" duration-ms="7402" status="PASS">
          <reporter-output>
          </reporter-output>
        </test-method> <!-- setup -->
        <test-method signature="bookFlightTest()[pri:0, instance:com.arun.tests.FlightBookingTest@2cb4893b]" started-at="2026-03-12T12:10:03 IST" name="bookFlightTest" finished-at="2026-03-12T12:10:07 IST" duration-ms="4265" status="PASS">
          <reporter-output>
          </reporter-output>
        </test-method> <!-- bookFlightTest -->
        <test-method is-config="true" signature="tearDown()[pri:0, instance:com.arun.tests.FlightBookingTest@2cb4893b]" started-at="2026-03-12T12:10:07 IST" name="tearDown" finished-at="2026-03-12T12:10:08 IST" duration-ms="599" status="PASS">
          <reporter-output>
          </reporter-output>
        </test-method> <!-- tearDown -->
      </class> <!-- com.arun.tests.FlightBookingTest -->
    </test> <!-- Flight Booking Test -->
  </suite> <!-- BlazeDemo Suite -->
</testng-results>
