<?xml version="1.0" encoding="UTF-8"?>
<!-- Generated by org.testng.reporters.JUnitReportReporter -->
<testsuite hostname="DESKTOP-MG7K6R3" failures="0" tests="6" name="com.arun.tests.FlightBookingTest" time="35.889" errors="0" timestamp="2026-03-12T17:04:02 IST" skipped="0">
  <testcase classname="com.arun.tests.FlightBookingTest" name="bookFlightTest" time="10.958"/>
  <testcase classname="com.arun.tests.FlightBookingTest" name="verifyFlightsDisplayedTest" time="3.459"/>
  <testcase classname="com.arun.tests.FlightBookingTest" name="chooseFlightTest" time="2.786"/>
  <testcase classname="com.arun.tests.FlightBookingTest" name="purchaseFlightTest" time="4.460"/>
  <testcase classname="com.arun.tests.FlightBookingTest" name="verifyBookingIdGeneratedTest" time="9.910"/>
  <testcase classname="com.arun.tests.FlightBookingTest" name="verifyConfirmationMessageTest" time="4.316"/>
</testsuite> <!-- com.arun.tests.FlightBookingTest -->
